# JRE version: OpenJDK Runtime Environment Corretto-17.0.8.8.1 (17.0.8.1+8) (build 17.0.8.1+8-LTS)
# Java VM: OpenJDK 64-Bit Server VM Corretto-17.0.8.8.1 (17.0.8.1+8-LTS, mixed mode, sharing, tiered, compressed oops, compressed class ptrs, g1 gc, windows-amd64)
GC Precious Log:
 CPUs: 12 total, 12 available
 Memory: 15733M
 Large Page Support: Disabled
 NUMA Support: Disabled
 Compressed Oops: Enabled (Zero based)
 Heap Region Size: 2M
 Heap Min Capacity: 8M
 Heap Initial Capacity: 246M
 Heap Max Capacity: 3934M
 Pre-touch: Disabled
 Parallel Workers: 10
 Concurrent Workers: 3
 Concurrent Refinement Workers: 10
 Periodic GC: Disabled
Heap:
 garbage-first heap   total 251904K, used 110513K [0x000000070a200000, 0x0000000800000000)
  region size 2048K, 49 young (100352K), 4 survivors (8192K)
 Metaspace       used 8623K, committed 8896K, reserved 1114112K
  class space    used 880K, committed 1024K, reserved 1048576K
GC Heap History (6 events):
Event: 17.941 GC heap before
{Heap before GC invocations=0 (full 0):
 garbage-first heap   total 251904K, used 26624K [0x000000070a200000, 0x0000000800000000)
  region size 2048K, 11 young (22528K), 0 survivors (0K)
 Metaspace       used 8540K, committed 8768K, reserved 1114112K
  class space    used 875K, committed 960K, reserved 1048576K
}
Event: 17.948 GC heap after
{Heap after GC invocations=1 (full 0):
 garbage-first heap   total 251904K, used 7424K [0x000000070a200000, 0x0000000800000000)
  region size 2048K, 2 young (4096K), 2 survivors (4096K)
 Metaspace       used 8540K, committed 8768K, reserved 1114112K
  class space    used 875K, committed 960K, reserved 1048576K
}
Event: 71.065 GC heap before
{Heap before GC invocations=1 (full 0):
 garbage-first heap   total 251904K, used 40192K [0x000000070a200000, 0x0000000800000000)
  region size 2048K, 18 young (36864K), 2 survivors (4096K)
 Metaspace       used 8552K, committed 8768K, reserved 1114112K
  class space    used 876K, committed 960K, reserved 1048576K
}
Event: 71.070 GC heap after
{Heap after GC invocations=2 (full 0):
 garbage-first heap   total 251904K, used 8723K [0x000000070a200000, 0x0000000800000000)
  region size 2048K, 1 young (2048K), 1 survivors (2048K)
 Metaspace       used 8552K, committed 8768K, reserved 1114112K
  class space    used 876K, committed 960K, reserved 1048576K
}
Event: 318.058 GC heap before
{Heap before GC invocations=2 (full 0):
 garbage-first heap   total 251904K, used 162323K [0x000000070a200000, 0x0000000800000000)
  region size 2048K, 73 young (149504K), 1 survivors (2048K)
 Metaspace       used 8616K, committed 8896K, reserved 1114112K
  class space    used 880K, committed 1024K, reserved 1048576K
}
Event: 318.067 GC heap after
{Heap after GC invocations=3 (full 0):
 garbage-first heap   total 251904K, used 20401K [0x000000070a200000, 0x0000000800000000)
  region size 2048K, 4 young (8192K), 4 survivors (8192K)
 Metaspace       used 8616K, committed 8896K, reserved 1114112K
  class space    used 880K, committed 1024K, reserved 1048576K
}

